d:\project\mfc_study\2_edit_box\x64\debug\2_edit_box.pch
d:\project\mfc_study\2_edit_box\x64\debug\vc143.pdb
d:\project\mfc_study\2_edit_box\x64\debug\vc143.idb
d:\project\mfc_study\2_edit_box\x64\debug\pch.obj
d:\project\mfc_study\2_edit_box\x64\debug\2_edit_boxdlg.obj
d:\project\mfc_study\2_edit_box\x64\debug\2_edit_box.obj
d:\project\mfc_study\x64\debug\2_edit_box.exe
d:\project\mfc_study\2_edit_box\x64\debug\2_edit_box.ilk
d:\project\mfc_study\x64\debug\2_edit_box.pdb
d:\project\mfc_study\2_edit_box\x64\debug\my2editbox.res
d:\project\mfc_study\2_edit_box\x64\debug\2_edit_box.tlog\cl.command.1.tlog
d:\project\mfc_study\2_edit_box\x64\debug\2_edit_box.tlog\cl.items.tlog
d:\project\mfc_study\2_edit_box\x64\debug\2_edit_box.tlog\cl.read.1.tlog
d:\project\mfc_study\2_edit_box\x64\debug\2_edit_box.tlog\cl.write.1.tlog
d:\project\mfc_study\2_edit_box\x64\debug\2_edit_box.tlog\link.command.1.tlog
d:\project\mfc_study\2_edit_box\x64\debug\2_edit_box.tlog\link.read.1.tlog
d:\project\mfc_study\2_edit_box\x64\debug\2_edit_box.tlog\link.write.1.tlog
d:\project\mfc_study\2_edit_box\x64\debug\2_edit_box.tlog\rc.command.1.tlog
d:\project\mfc_study\2_edit_box\x64\debug\2_edit_box.tlog\rc.read.1.tlog
d:\project\mfc_study\2_edit_box\x64\debug\2_edit_box.tlog\rc.write.1.tlog
